<?xml version="1.0" encoding="UTF-8"?>
<!-- Generated by org.testng.reporters.JUnitReportReporter -->
<testsuite skipped="0" hostname="DESKTOP-V876IOA" name="practice_package.ReadDatafromCommandLineTest" tests="1" failures="0" timestamp="2023-07-28T17:16:45 IST" time="9.687" errors="0">
  <testcase name="readdatafromcommandLine" time="9.687" classname="practice_package.ReadDatafromCommandLineTest"/>
  <system-out/>
</testsuite> <!-- practice_package.ReadDatafromCommandLineTest -->
