<?xml version="1.0" encoding="UTF-8"?>
<!-- Generated by org.testng.reporters.JUnitReportReporter -->
<testsuite skipped="0" hostname="DESKTOP-V876IOA" name="testNGTestsript_package.EditEmployeeinHROTestNGTest" tests="1" failures="0" timestamp="2023-08-09T16:24:21 IST" time="34.299" errors="0">
  <testcase name="editemp" time="34.299" classname="testNGTestsript_package.EditEmployeeinHROTestNGTest"/>
  <system-out/>
</testsuite> <!-- testNGTestsript_package.EditEmployeeinHROTestNGTest -->
