<?xml version="1.0" encoding="UTF-8"?>
<!-- Generated by org.testng.reporters.JUnitReportReporter -->
<testsuite skipped="0" hostname="DESKTOP-V876IOA" name="testNGPractice_package.DataPro_Excel" tests="12" failures="0" timestamp="2023-08-04T16:00:10 IST" time="0.034" errors="0">
  <testcase name="fetchdata" time="0.001" classname="testNGPractice_package.DataPro_Excel"/>
  <system-out/>
  <testcase name="fetchdata" time="0.002" classname="testNGPractice_package.DataPro_Excel"/>
  <system-out/>
  <testcase name="fetchdata" time="0.002" classname="testNGPractice_package.DataPro_Excel"/>
  <system-out/>
  <testcase name="fetchdata" time="0.002" classname="testNGPractice_package.DataPro_Excel"/>
  <system-out/>
  <testcase name="fetchdata" time="0.005" classname="testNGPractice_package.DataPro_Excel"/>
  <system-out/>
  <testcase name="fetchdata" time="0.002" classname="testNGPractice_package.DataPro_Excel"/>
  <system-out/>
  <testcase name="fetchdata" time="0.002" classname="testNGPractice_package.DataPro_Excel"/>
  <system-out/>
  <testcase name="fetchdata" time="0.002" classname="testNGPractice_package.DataPro_Excel"/>
  <system-out/>
  <testcase name="fetchdata" time="0.009" classname="testNGPractice_package.DataPro_Excel"/>
  <system-out/>
  <testcase name="fetchdata" time="0.002" classname="testNGPractice_package.DataPro_Excel"/>
  <system-out/>
  <testcase name="fetchdata" time="0.003" classname="testNGPractice_package.DataPro_Excel"/>
  <system-out/>
  <testcase name="fetchdata" time="0.002" classname="testNGPractice_package.DataPro_Excel"/>
  <system-out/>
</testsuite> <!-- testNGPractice_package.DataPro_Excel -->
