<?xml version="1.0" encoding="UTF-8"?>
<!-- Generated by org.testng.reporters.JUnitReportReporter -->
<testsuite skipped="0" hostname="DESKTOP-V876IOA" name="testNGPractice_package.DataproviderTest" tests="3" failures="0" timestamp="2023-08-10T09:32:05 IST" time="0.022" errors="0">
  <testcase name="fetchdata" time="0.003" classname="testNGPractice_package.DataproviderTest"/>
  <system-out/>
  <testcase name="fetchdata" time="0.009" classname="testNGPractice_package.DataproviderTest"/>
  <system-out/>
  <testcase name="fetchdata" time="0.010" classname="testNGPractice_package.DataproviderTest"/>
  <system-out/>
</testsuite> <!-- testNGPractice_package.DataproviderTest -->
