<?xml version="1.0" encoding="UTF-8"?>
<!-- Generated by org.testng.reporters.JUnitReportReporter -->
<testsuite skipped="0" hostname="DESKTOP-V876IOA" name="testNGPractice_package.HrAssistantTestNGTest" tests="1" failures="0" timestamp="2023-08-08T15:18:06 IST" time="6.481" errors="0">
  <testcase name="create" time="6.481" classname="testNGPractice_package.HrAssistantTestNGTest"/>
  <system-out/>
</testsuite> <!-- testNGPractice_package.HrAssistantTestNGTest -->
