<?xml version="1.0" encoding="UTF-8"?>
<!-- Generated by org.testng.reporters.JUnitReportReporter -->
<testsuite skipped="0" hostname="DESKTOP-V876IOA" name="testNGPractice_package.Createemployeeinhrofficer" tests="1" failures="0" timestamp="2023-08-08T11:20:59 IST" time="56.971" errors="0">
  <testcase name="create" time="56.971" classname="testNGPractice_package.Createemployeeinhrofficer"/>
  <system-out/>
</testsuite> <!-- testNGPractice_package.Createemployeeinhrofficer -->
