<?xml version="1.0" encoding="UTF-8"?>
<!-- Generated by org.testng.reporters.JUnitReportReporter -->
<testsuite skipped="0" hostname="DESKTOP-V876IOA" name="testNGPractice_package.DPGeneric_Test" tests="12" failures="0" timestamp="2023-08-04T16:22:13 IST" time="0.028" errors="0">
  <testcase name="exceldata" time="0.003" classname="testNGPractice_package.DPGeneric_Test"/>
  <system-out/>
  <testcase name="exceldata" time="0.002" classname="testNGPractice_package.DPGeneric_Test"/>
  <system-out/>
  <testcase name="exceldata" time="0.001" classname="testNGPractice_package.DPGeneric_Test"/>
  <system-out/>
  <testcase name="exceldata" time="0.002" classname="testNGPractice_package.DPGeneric_Test"/>
  <system-out/>
  <testcase name="exceldata" time="0.002" classname="testNGPractice_package.DPGeneric_Test"/>
  <system-out/>
  <testcase name="exceldata" time="0.002" classname="testNGPractice_package.DPGeneric_Test"/>
  <system-out/>
  <testcase name="exceldata" time="0.001" classname="testNGPractice_package.DPGeneric_Test"/>
  <system-out/>
  <testcase name="exceldata" time="0.002" classname="testNGPractice_package.DPGeneric_Test"/>
  <system-out/>
  <testcase name="exceldata" time="0.001" classname="testNGPractice_package.DPGeneric_Test"/>
  <system-out/>
  <testcase name="exceldata" time="0.008" classname="testNGPractice_package.DPGeneric_Test"/>
  <system-out/>
  <testcase name="exceldata" time="0.002" classname="testNGPractice_package.DPGeneric_Test"/>
  <system-out/>
  <testcase name="exceldata" time="0.002" classname="testNGPractice_package.DPGeneric_Test"/>
  <system-out/>
</testsuite> <!-- testNGPractice_package.DPGeneric_Test -->
