<?xml version="1.0" encoding="UTF-8"?>
<!-- Generated by org.testng.reporters.JUnitReportReporter -->
<testsuite skipped="0" hostname="DESKTOP-V876IOA" name="testNGPractice_package.TestNGannTest" tests="1" failures="0" timestamp="2023-08-07T12:36:39 IST" time="0.005" errors="0">
  <testcase name="test" time="0.005" classname="testNGPractice_package.TestNGannTest"/>
  <system-out/>
</testsuite> <!-- testNGPractice_package.TestNGannTest -->
