<?xml version="1.0" encoding="UTF-8"?>
<!-- Generated by org.testng.reporters.JUnitReportReporter -->
<testsuite skipped="0" hostname="DESKTOP-V876IOA" name="testNGPractice_package.TestNGAnnotationTest" tests="2" failures="0" timestamp="2023-08-07T12:36:39 IST" time="0.012" errors="0">
  <testcase name="test" time="0.009" classname="testNGPractice_package.TestNGAnnotationTest"/>
  <system-out/>
  <testcase name="testdat" time="0.003" classname="testNGPractice_package.TestNGAnnotationTest"/>
  <system-out/>
</testsuite> <!-- testNGPractice_package.TestNGAnnotationTest -->
