<?xml version="1.0" encoding="UTF-8"?>
<!-- Generated by org.testng.reporters.JUnitReportReporter -->
<testsuite skipped="1" hostname="DESKTOP-V876IOA" name="testNGPractice_package.TestNGTest" tests="3" failures="0" timestamp="2023-08-04T12:27:27 IST" time="0.013" errors="0">
  <testcase name="creatTest" time="0.011" classname="testNGPractice_package.TestNGTest"/>
  <system-out/>
  <testcase name="deletetest" time="0.002" classname="testNGPractice_package.TestNGTest"/>
  <system-out/>
  <testcase name="edittest" classname="testNGPractice_package.TestNGTest">
    <skipped/>
  </testcase> <!-- edittest -->
  <system-out/>
</testsuite> <!-- testNGPractice_package.TestNGTest -->
