<?xml version="1.0" encoding="UTF-8"?>
<!-- Generated by org.testng.reporters.JUnitReportReporter -->
<testsuite skipped="0" hostname="DESKTOP-V876IOA" name="testNGPractice_package.SampleclassTest" tests="1" failures="0" timestamp="2023-08-07T13:01:27 IST" time="3.095" errors="0">
  <testcase name="testrun" time="3.095" classname="testNGPractice_package.SampleclassTest"/>
  <system-out/>
</testsuite> <!-- testNGPractice_package.SampleclassTest -->
