<?xml version="1.0" encoding="UTF-8"?>
<!-- Generated by org.testng.reporters.JUnitReportReporter -->
<testsuite skipped="0" hostname="DESKTOP-V876IOA" name="testNGPractice_package.FetchDatafromDPTest" tests="6" failures="0" timestamp="2023-08-04T14:55:24 IST" time="0.019" errors="0">
  <testcase name="getdata" time="0.003" classname="testNGPractice_package.FetchDatafromDPTest"/>
  <system-out/>
  <testcase name="getdata" time="0.002" classname="testNGPractice_package.FetchDatafromDPTest"/>
  <system-out/>
  <testcase name="getdata" time="0.008" classname="testNGPractice_package.FetchDatafromDPTest"/>
  <system-out/>
  <testcase name="fetchdata" time="0.001" classname="testNGPractice_package.FetchDatafromDPTest"/>
  <system-out/>
  <testcase name="fetchdata" time="0.003" classname="testNGPractice_package.FetchDatafromDPTest"/>
  <system-out/>
  <testcase name="fetchdata" time="0.002" classname="testNGPractice_package.FetchDatafromDPTest"/>
  <system-out/>
</testsuite> <!-- testNGPractice_package.FetchDatafromDPTest -->
