<?xml version="1.0" encoding="UTF-8"?>
<!-- Generated by org.testng.reporters.JUnitReportReporter -->
<testsuite skipped="1" hostname="DESKTOP-V876IOA" name="testNGPractice_package.EmployeeCreationTest" tests="1" failures="0" timestamp="2023-08-07T10:12:25 IST" time="0.000" errors="0">
  <testcase name="fecth" time="0.000" classname="testNGPractice_package.EmployeeCreationTest">
    <skipped/>
  </testcase> <!-- fecth -->
  <system-out/>
</testsuite> <!-- testNGPractice_package.EmployeeCreationTest -->
