<?xml version="1.0" encoding="UTF-8"?>
<!-- Generated by org.testng.reporters.JUnitReportReporter -->
<testsuite skipped="0" hostname="DESKTOP-V876IOA" name="testNGPractice_package.SoftAssertionTest" tests="2" failures="0" timestamp="2023-08-09T11:51:31 IST" time="14.103" errors="0">
  <testcase name="softassert" time="5.816" classname="testNGPractice_package.SoftAssertionTest"/>
  <system-out/>
  <testcase name="sample" time="8.287" classname="testNGPractice_package.SoftAssertionTest"/>
  <system-out/>
</testsuite> <!-- testNGPractice_package.SoftAssertionTest -->
