<?xml version="1.0" encoding="UTF-8"?>
<!-- Generated by org.testng.reporters.JUnitReportReporter -->
<testsuite skipped="0" hostname="DESKTOP-V876IOA" name="testNGTestsript_package.Createemployeeinhrofficer" tests="1" failures="0" timestamp="2023-08-09T12:33:33 IST" time="171.572" errors="0">
  <testcase name="create" time="171.572" classname="testNGTestsript_package.Createemployeeinhrofficer"/>
  <system-out/>
</testsuite> <!-- testNGTestsript_package.Createemployeeinhrofficer -->
