<?xml version="1.0" encoding="UTF-8"?>
<!-- Generated by org.testng.reporters.JUnitReportReporter -->
<testsuite skipped="0" hostname="DESKTOP-V876IOA" name="practice_package.FacebookCommandLineTest" tests="1" failures="0" timestamp="2023-07-28T17:38:35 IST" time="6.836" errors="0">
  <testcase name="readfromcommand" time="6.836" classname="practice_package.FacebookCommandLineTest"/>
  <system-out/>
</testsuite> <!-- practice_package.FacebookCommandLineTest -->
