<?xml version="1.0" encoding="UTF-8"?>
<!-- Generated by org.testng.reporters.JUnitReportReporter -->
<testsuite skipped="0" hostname="DESKTOP-V876IOA" name="testNGTestsript_package.CreateCorporateuseinHrofficerTestNGTest" tests="1" failures="0" timestamp="2023-08-09T17:22:01 IST" time="44.839" errors="0">
  <testcase name="createcorporate" time="44.839" classname="testNGTestsript_package.CreateCorporateuseinHrofficerTestNGTest"/>
  <system-out/>
</testsuite> <!-- testNGTestsript_package.CreateCorporateuseinHrofficerTestNGTest -->
